  0%|â–Ž                                                                                                                       | 9/3789 [00:28<3:27:04,  3.29s/it]Traceback (most recent call last):
  File "/home/zahemen/miniconda3/envs/transformer_env/lib/python3.11/site-packages/accelerate/utils/operations.py", line 156, in send_to_device
    return tensor.to(device, non_blocking=non_blocking)
           ^^^^^^^^^^^^^^^^^^^^^^^^^^^^^^^^^^^^^^^^^^^^
TypeError: BatchEncoding.to() got an unexpected keyword argument 'non_blocking'

During handling of the above exception, another exception occurred:

Traceback (most recent call last):
  File "/home/zahemen/projects/dl-lib/DocAnalyzerAI/src/train_finbot.py", line 181, in <module>
    train()
  File "/home/zahemen/projects/dl-lib/DocAnalyzerAI/src/train_finbot.py", line 162, in train
    trainer.train()
  File "/home/zahemen/miniconda3/envs/transformer_env/lib/python3.11/site-packages/transformers/trainer.py", line 2164, in train
    return inner_training_loop(
           ^^^^^^^^^^^^^^^^^^^^
  File "/home/zahemen/miniconda3/envs/transformer_env/lib/python3.11/site-packages/transformers/trainer.py", line 2473, in _inner_training_loop
    batch_samples, num_items_in_batch = self.get_batch_samples(epoch_iterator, num_batches)
                                        ^^^^^^^^^^^^^^^^^^^^^^^^^^^^^^^^^^^^^^^^^^^^^^^^^^^
  File "/home/zahemen/miniconda3/envs/transformer_env/lib/python3.11/site-packages/transformers/trainer.py", line 5130, in get_batch_samples
    batch_samples += [next(epoch_iterator)]
                      ^^^^^^^^^^^^^^^^^^^^
  File "/home/zahemen/miniconda3/envs/transformer_env/lib/python3.11/site-packages/accelerate/data_loader.py", line 561, in __iter__
    current_batch = send_to_device(current_batch, self.device, non_blocking=self._non_blocking)
                    ^^^^^^^^^^^^^^^^^^^^^^^^^^^^^^^^^^^^^^^^^^^^^^^^^^^^^^^^^^^^^^^^^^^^^^^^^^^
  File "/home/zahemen/miniconda3/envs/transformer_env/lib/python3.11/site-packages/accelerate/utils/operations.py", line 158, in send_to_device
    return tensor.to(device)
           ^^^^^^^^^^^^^^^^^
  File "/home/zahemen/miniconda3/envs/transformer_env/lib/python3.11/site-packages/transformers/tokenization_utils_base.py", line 819, in to
    self.data = {k: v.to(device=device) if isinstance(v, torch.Tensor) else v for k, v in self.data.items()}
                ^^^^^^^^^^^^^^^^^^^^^^^^^^^^^^^^^^^^^^^^^^^^^^^^^^^^^^^^^^^^^^^^^^^^^^^^^^^^^^^^^^^^^^^^^^^^
  File "/home/zahemen/miniconda3/envs/transformer_env/lib/python3.11/site-packages/transformers/tokenization_utils_base.py", line 819, in <dictcomp>
    self.data = {k: v.to(device=device) if isinstance(v, torch.Tensor) else v for k, v in self.data.items()}
                    ^^^^^^^^^^^^^^^^^^^
KeyboardInterrupt
